<?xml version="1.0" encoding="UTF-8"?>
<!-- Generated by org.testng.reporters.JUnitReportReporter -->
<testsuite hostname="Rcls-MacBook-Pro.local" name="com.java.test.PageFactoryTest" tests="2" failures="0" timestamp="11 Jan 2015 21:38:07 GMT" time="11.777" errors="0">
  <testcase name="Login" time="5.950" classname="com.java.test.PageFactoryTest"/>
  <testcase name="Login" time="5.827" classname="com.java.test.PageFactoryTest"/>
</testsuite> <!-- com.java.test.PageFactoryTest -->
